---------------------------------------
Begin PBS Prologue Mon Mar  7 15:45:07 EST 2022
Job ID:     111878.sched-pace-ice.pace.gatech.edu
User ID:    hstrauss6
Job name:   run.pbs
Queue:      pace-ice-gpu
End PBS Prologue Mon Mar  7 15:45:07 EST 2022
---------------------------------------
---------------------------------------
Begin PBS Epilogue Mon Mar  7 15:45:08 EST 2022
Job ID:     111878.sched-pace-ice.pace.gatech.edu
User ID:    hstrauss6
Job name:   run.pbs
Resources:  walltime=00:10:00,nodes=1:ppn=4:gpus=1:TeslaV100-16GB,pmem=8gb,neednodes=1:ppn=4:gpus=1:TeslaV100-16GB
Rsrc Used:  cput=00:00:00,vmem=0kb,walltime=00:00:02,mem=0kb,energy_used=0
Queue:      pace-ice-gpu
Nodes:     
atl1-1-02-009-31.pace.gatech.edu
End PBS Epilogue Mon Mar  7 15:45:08 EST 2022
---------------------------------------
---------------------------------------
Begin PBS Prologue Mon Apr  4 15:43:35 EDT 2022
Job ID:     112861.sched-pace-ice.pace.gatech.edu
User ID:    hstrauss6
Job name:   run.pbs
Queue:      pace-ice-gpu
End PBS Prologue Mon Apr  4 15:43:36 EDT 2022
---------------------------------------
---------------------------------------
Begin PBS Epilogue Mon Apr  4 15:43:37 EDT 2022
Job ID:     112861.sched-pace-ice.pace.gatech.edu
User ID:    hstrauss6
Job name:   run.pbs
Resources:  walltime=00:10:00,nodes=1:ppn=4:gpus=1:TeslaV100-16GB,pmem=8gb,neednodes=1:ppn=4:gpus=1:TeslaV100-16GB
Rsrc Used:  cput=00:00:00,vmem=0kb,walltime=00:00:02,mem=0kb,energy_used=0
Queue:      pace-ice-gpu
Nodes:     
atl1-1-02-009-31.pace.gatech.edu
End PBS Epilogue Mon Apr  4 15:43:37 EDT 2022
---------------------------------------
---------------------------------------
Begin PBS Prologue Mon Apr  4 15:45:39 EDT 2022
Job ID:     112862.sched-pace-ice.pace.gatech.edu
User ID:    hstrauss6
Job name:   run.pbs
Queue:      pace-ice-gpu
End PBS Prologue Mon Apr  4 15:45:39 EDT 2022
---------------------------------------
---------------------------------------
Begin PBS Epilogue Mon Apr  4 15:45:41 EDT 2022
Job ID:     112862.sched-pace-ice.pace.gatech.edu
User ID:    hstrauss6
Job name:   run.pbs
Resources:  walltime=00:10:00,nodes=1:ppn=4:gpus=1:TeslaV100-16GB,pmem=8gb,neednodes=1:ppn=4:gpus=1:TeslaV100-16GB
Rsrc Used:  cput=00:00:00,vmem=0kb,walltime=00:00:02,mem=0kb,energy_used=0
Queue:      pace-ice-gpu
Nodes:     
atl1-1-02-009-31.pace.gatech.edu
End PBS Epilogue Mon Apr  4 15:45:41 EDT 2022
---------------------------------------
---------------------------------------
Begin PBS Prologue Mon Apr  4 15:58:03 EDT 2022
Job ID:     112863.sched-pace-ice.pace.gatech.edu
User ID:    hstrauss6
Job name:   run.pbs
Queue:      pace-ice-gpu
End PBS Prologue Mon Apr  4 15:58:03 EDT 2022
---------------------------------------
---------------------------------------
Begin PBS Epilogue Mon Apr  4 15:58:05 EDT 2022
Job ID:     112863.sched-pace-ice.pace.gatech.edu
User ID:    hstrauss6
Job name:   run.pbs
Resources:  walltime=00:10:00,nodes=1:ppn=4:gpus=1:TeslaV100-16GB,pmem=8gb,neednodes=1:ppn=4:gpus=1:TeslaV100-16GB
Rsrc Used:  cput=00:00:00,vmem=0kb,walltime=00:00:02,mem=0kb,energy_used=0
Queue:      pace-ice-gpu
Nodes:     
atl1-1-02-009-31.pace.gatech.edu
End PBS Epilogue Mon Apr  4 15:58:05 EDT 2022
---------------------------------------
---------------------------------------
Begin PBS Prologue Mon Apr  4 16:04:15 EDT 2022
Job ID:     112864.sched-pace-ice.pace.gatech.edu
User ID:    hstrauss6
Job name:   run.pbs
Queue:      pace-ice-gpu
End PBS Prologue Mon Apr  4 16:04:15 EDT 2022
---------------------------------------
---------------------------------------
Begin PBS Epilogue Mon Apr  4 16:04:17 EDT 2022
Job ID:     112864.sched-pace-ice.pace.gatech.edu
User ID:    hstrauss6
Job name:   run.pbs
Resources:  walltime=00:10:00,nodes=1:ppn=4:gpus=1:TeslaV100-16GB,pmem=8gb,neednodes=1:ppn=4:gpus=1:TeslaV100-16GB
Rsrc Used:  cput=00:00:00,vmem=0kb,walltime=00:00:02,mem=0kb,energy_used=0
Queue:      pace-ice-gpu
Nodes:     
atl1-1-02-009-31.pace.gatech.edu
End PBS Epilogue Mon Apr  4 16:04:17 EDT 2022
---------------------------------------
---------------------------------------
Begin PBS Prologue Mon Apr  4 16:07:52 EDT 2022
Job ID:     112865.sched-pace-ice.pace.gatech.edu
User ID:    hstrauss6
Job name:   run.pbs
Queue:      pace-ice-gpu
End PBS Prologue Mon Apr  4 16:07:53 EDT 2022
---------------------------------------
---------------------------------------
Begin PBS Epilogue Mon Apr  4 16:07:54 EDT 2022
Job ID:     112865.sched-pace-ice.pace.gatech.edu
User ID:    hstrauss6
Job name:   run.pbs
Resources:  walltime=00:10:00,nodes=1:ppn=4:gpus=1:TeslaV100-16GB,pmem=8gb,neednodes=1:ppn=4:gpus=1:TeslaV100-16GB
Rsrc Used:  cput=00:00:00,vmem=0kb,walltime=00:00:02,mem=0kb,energy_used=0
Queue:      pace-ice-gpu
Nodes:     
atl1-1-02-009-31.pace.gatech.edu
End PBS Epilogue Mon Apr  4 16:07:54 EDT 2022
---------------------------------------
---------------------------------------
Begin PBS Prologue Wed Apr  6 15:49:15 EDT 2022
Job ID:     113052.sched-pace-ice.pace.gatech.edu
User ID:    hstrauss6
Job name:   run.pbs
Queue:      pace-ice-gpu
End PBS Prologue Wed Apr  6 15:49:15 EDT 2022
---------------------------------------
---------------------------------------
Begin PBS Epilogue Wed Apr  6 15:49:28 EDT 2022
Job ID:     113052.sched-pace-ice.pace.gatech.edu
User ID:    hstrauss6
Job name:   run.pbs
Resources:  walltime=00:10:00,nodes=1:ppn=4:gpus=1:TeslaV100-16GB,pmem=8gb,neednodes=1:ppn=4:gpus=1:TeslaV100-16GB
Rsrc Used:  cput=00:00:00,vmem=289416kb,walltime=00:00:14,mem=2440kb,energy_used=0
Queue:      pace-ice-gpu
Nodes:     
atl1-1-02-009-31.pace.gatech.edu
End PBS Epilogue Wed Apr  6 15:49:28 EDT 2022
---------------------------------------
---------------------------------------
Begin PBS Prologue Wed Apr  6 15:56:29 EDT 2022
Job ID:     113055.sched-pace-ice.pace.gatech.edu
User ID:    hstrauss6
Job name:   run.pbs
Queue:      pace-ice-gpu
End PBS Prologue Wed Apr  6 15:56:29 EDT 2022
---------------------------------------
into MAIN---------------------------------------
Begin PBS Epilogue Wed Apr  6 15:56:40 EDT 2022
Job ID:     113055.sched-pace-ice.pace.gatech.edu
User ID:    hstrauss6
Job name:   run.pbs
Resources:  walltime=00:10:00,nodes=1:ppn=4:gpus=1:TeslaV100-16GB,pmem=8gb,neednodes=1:ppn=4:gpus=1:TeslaV100-16GB
Rsrc Used:  cput=00:00:00,vmem=0kb,walltime=00:00:11,mem=0kb,energy_used=0
Queue:      pace-ice-gpu
Nodes:     
atl1-1-02-009-31.pace.gatech.edu
End PBS Epilogue Wed Apr  6 15:56:40 EDT 2022
---------------------------------------
---------------------------------------
Begin PBS Prologue Wed Apr  6 16:05:59 EDT 2022
Job ID:     113059.sched-pace-ice.pace.gatech.edu
User ID:    hstrauss6
Job name:   run.pbs
Queue:      pace-ice-gpu
End PBS Prologue Wed Apr  6 16:05:59 EDT 2022
---------------------------------------
---------------------------------------
Begin PBS Epilogue Wed Apr  6 16:06:00 EDT 2022
Job ID:     113059.sched-pace-ice.pace.gatech.edu
User ID:    hstrauss6
Job name:   run.pbs
Resources:  walltime=00:10:00,nodes=1:ppn=4:gpus=1:TeslaV100-16GB,pmem=8gb,neednodes=1:ppn=4:gpus=1:TeslaV100-16GB
Rsrc Used:  cput=00:00:00,vmem=0kb,walltime=00:00:02,mem=0kb,energy_used=0
Queue:      pace-ice-gpu
Nodes:     
atl1-1-02-009-31.pace.gatech.edu
End PBS Epilogue Wed Apr  6 16:06:00 EDT 2022
---------------------------------------
---------------------------------------
Begin PBS Prologue Wed Apr  6 16:08:03 EDT 2022
Job ID:     113061.sched-pace-ice.pace.gatech.edu
User ID:    hstrauss6
Job name:   run.pbs
Queue:      pace-ice-gpu
End PBS Prologue Wed Apr  6 16:08:03 EDT 2022
---------------------------------------
---------------------------------------
Begin PBS Epilogue Wed Apr  6 16:08:05 EDT 2022
Job ID:     113061.sched-pace-ice.pace.gatech.edu
User ID:    hstrauss6
Job name:   run.pbs
Resources:  walltime=00:10:00,nodes=1:ppn=4:gpus=1:TeslaV100-16GB,pmem=8gb,neednodes=1:ppn=4:gpus=1:TeslaV100-16GB
Rsrc Used:  cput=00:00:00,vmem=0kb,walltime=00:00:03,mem=0kb,energy_used=0
Queue:      pace-ice-gpu
Nodes:     
atl1-1-02-009-31.pace.gatech.edu
End PBS Epilogue Wed Apr  6 16:08:05 EDT 2022
---------------------------------------
---------------------------------------
Begin PBS Prologue Wed Apr  6 16:11:08 EDT 2022
Job ID:     113062.sched-pace-ice.pace.gatech.edu
User ID:    hstrauss6
Job name:   run.pbs
Queue:      pace-ice-gpu
End PBS Prologue Wed Apr  6 16:11:08 EDT 2022
---------------------------------------
---------------------------------------
Begin PBS Epilogue Wed Apr  6 16:11:11 EDT 2022
Job ID:     113062.sched-pace-ice.pace.gatech.edu
User ID:    hstrauss6
Job name:   run.pbs
Resources:  walltime=00:10:00,nodes=1:ppn=4:gpus=1:TeslaV100-16GB,pmem=8gb,neednodes=1:ppn=4:gpus=1:TeslaV100-16GB
Rsrc Used:  cput=00:00:00,vmem=0kb,walltime=00:00:03,mem=0kb,energy_used=0
Queue:      pace-ice-gpu
Nodes:     
atl1-1-02-009-31.pace.gatech.edu
End PBS Epilogue Wed Apr  6 16:11:11 EDT 2022
---------------------------------------
---------------------------------------
Begin PBS Prologue Wed Apr  6 16:12:41 EDT 2022
Job ID:     113063.sched-pace-ice.pace.gatech.edu
User ID:    hstrauss6
Job name:   run.pbs
Queue:      pace-ice-gpu
End PBS Prologue Wed Apr  6 16:12:42 EDT 2022
---------------------------------------
---------------------------------------
Begin PBS Epilogue Wed Apr  6 16:12:44 EDT 2022
Job ID:     113063.sched-pace-ice.pace.gatech.edu
User ID:    hstrauss6
Job name:   run.pbs
Resources:  walltime=00:10:00,nodes=1:ppn=4:gpus=1:TeslaV100-16GB,pmem=8gb,neednodes=1:ppn=4:gpus=1:TeslaV100-16GB
Rsrc Used:  cput=00:00:00,vmem=0kb,walltime=00:00:03,mem=0kb,energy_used=0
Queue:      pace-ice-gpu
Nodes:     
atl1-1-02-009-31.pace.gatech.edu
End PBS Epilogue Wed Apr  6 16:12:44 EDT 2022
---------------------------------------
---------------------------------------
Begin PBS Prologue Thu Apr  7 18:35:54 EDT 2022
Job ID:     113274.sched-pace-ice.pace.gatech.edu
User ID:    hstrauss6
Job name:   run.pbs
Queue:      pace-ice-gpu
End PBS Prologue Thu Apr  7 18:35:54 EDT 2022
---------------------------------------
---------------------------------------
Begin PBS Epilogue Thu Apr  7 18:35:55 EDT 2022
Job ID:     113274.sched-pace-ice.pace.gatech.edu
User ID:    hstrauss6
Job name:   run.pbs
Resources:  walltime=00:10:00,nodes=1:ppn=4:gpus=1:TeslaV100-16GB,pmem=8gb,neednodes=1:ppn=4:gpus=1:TeslaV100-16GB
Rsrc Used:  cput=00:00:00,vmem=0kb,walltime=00:00:02,mem=0kb,energy_used=0
Queue:      pace-ice-gpu
Nodes:     
atl1-1-02-009-31.pace.gatech.edu
End PBS Epilogue Thu Apr  7 18:35:56 EDT 2022
---------------------------------------
---------------------------------------
Begin PBS Prologue Thu Apr  7 19:12:21 EDT 2022
Job ID:     113276.sched-pace-ice.pace.gatech.edu
User ID:    hstrauss6
Job name:   run.pbs
Queue:      pace-ice-gpu
End PBS Prologue Thu Apr  7 19:12:21 EDT 2022
---------------------------------------
---------------------------------------
Begin PBS Prologue Thu Apr  7 19:15:58 EDT 2022
Job ID:     113277.sched-pace-ice.pace.gatech.edu
User ID:    hstrauss6
Job name:   run.pbs
Queue:      pace-ice-gpu
End PBS Prologue Thu Apr  7 19:15:58 EDT 2022
---------------------------------------
---------------------------------------
Begin PBS Epilogue Thu Apr  7 19:23:21 EDT 2022
Job ID:     113276.sched-pace-ice.pace.gatech.edu
User ID:    hstrauss6
Job name:   run.pbs
Resources:  walltime=00:10:00,nodes=1:ppn=4:gpus=1:TeslaV100-16GB,pmem=8gb,neednodes=1:ppn=4:gpus=1:TeslaV100-16GB
Rsrc Used:  cput=00:10:57,vmem=6742668kb,walltime=00:11:01,mem=19812kb,energy_used=0
Queue:      pace-ice-gpu
Nodes:     
atl1-1-02-009-31.pace.gatech.edu
End PBS Epilogue Thu Apr  7 19:23:21 EDT 2022
---------------------------------------
---------------------------------------
Begin PBS Prologue Thu Apr  7 19:24:57 EDT 2022
Job ID:     113278.sched-pace-ice.pace.gatech.edu
User ID:    hstrauss6
Job name:   run.pbs
Queue:      pace-ice-gpu
End PBS Prologue Thu Apr  7 19:24:57 EDT 2022
---------------------------------------
---------------------------------------
Begin PBS Epilogue Thu Apr  7 19:26:09 EDT 2022
Job ID:     113277.sched-pace-ice.pace.gatech.edu
User ID:    hstrauss6
Job name:   run.pbs
Resources:  walltime=00:10:00,nodes=1:ppn=4:gpus=1:TeslaV100-16GB,pmem=8gb,neednodes=1:ppn=4:gpus=1:TeslaV100-16GB
Rsrc Used:  cput=00:10:00,vmem=6742668kb,walltime=00:10:12,mem=19812kb,energy_used=0
Queue:      pace-ice-gpu
Nodes:     
atl1-1-02-009-32.pace.gatech.edu
End PBS Epilogue Thu Apr  7 19:26:09 EDT 2022
---------------------------------------
---------------------------------------
Begin PBS Prologue Thu Apr  7 19:27:12 EDT 2022
Job ID:     113279.sched-pace-ice.pace.gatech.edu
User ID:    hstrauss6
Job name:   run.pbs
Queue:      pace-ice-gpu
End PBS Prologue Thu Apr  7 19:27:13 EDT 2022
---------------------------------------
---------------------------------------
Begin PBS Prologue Thu Apr  7 19:32:53 EDT 2022
Job ID:     113280.sched-pace-ice.pace.gatech.edu
User ID:    hstrauss6
Job name:   run.pbs
Queue:      pace-ice-gpu
End PBS Prologue Thu Apr  7 19:32:53 EDT 2022
---------------------------------------
---------------------------------------
Begin PBS Epilogue Thu Apr  7 19:35:29 EDT 2022
Job ID:     113278.sched-pace-ice.pace.gatech.edu
User ID:    hstrauss6
Job name:   run.pbs
Resources:  walltime=00:10:00,nodes=1:ppn=4:gpus=1:TeslaV100-16GB,pmem=8gb,neednodes=1:ppn=4:gpus=1:TeslaV100-16GB
Rsrc Used:  cput=00:10:21,vmem=6742668kb,walltime=00:10:33,mem=19812kb,energy_used=0
Queue:      pace-ice-gpu
Nodes:     
atl1-1-02-009-31.pace.gatech.edu
End PBS Epilogue Thu Apr  7 19:35:29 EDT 2022
---------------------------------------
---------------------------------------
Begin PBS Prologue Thu Apr  7 19:42:19 EDT 2022
Job ID:     113282.sched-pace-ice.pace.gatech.edu
User ID:    hstrauss6
Job name:   run.pbs
Queue:      pace-ice-gpu
End PBS Prologue Thu Apr  7 19:42:19 EDT 2022
---------------------------------------
---------------------------------------
Begin PBS Epilogue Thu Apr  7 19:48:09 EDT 2022
Job ID:     113279.sched-pace-ice.pace.gatech.edu
User ID:    hstrauss6
Job name:   run.pbs
Resources:  walltime=00:20:00,nodes=1:ppn=4:gpus=1:TeslaV100-16GB,pmem=8gb,neednodes=1:ppn=4:gpus=1:TeslaV100-16GB
Rsrc Used:  cput=00:20:45,vmem=6742668kb,walltime=00:20:57,mem=22136kb,energy_used=0
Queue:      pace-ice-gpu
Nodes:     
atl1-1-02-009-32.pace.gatech.edu
End PBS Epilogue Thu Apr  7 19:48:09 EDT 2022
---------------------------------------
---------------------------------------
Begin PBS Epilogue Thu Apr  7 20:13:04 EDT 2022
Job ID:     113280.sched-pace-ice.pace.gatech.edu
User ID:    hstrauss6
Job name:   run.pbs
Resources:  walltime=00:40:00,nodes=1:ppn=4:gpus=1:TeslaV100-16GB,pmem=8gb,neednodes=1:ppn=4:gpus=1:TeslaV100-16GB
Rsrc Used:  cput=00:39:59,vmem=6742668kb,walltime=00:40:11,mem=19812kb,energy_used=0
Queue:      pace-ice-gpu
Nodes:     
atl1-1-02-009-33.pace.gatech.edu
End PBS Epilogue Thu Apr  7 20:13:04 EDT 2022
---------------------------------------
---------------------------------------
Begin PBS Epilogue Thu Apr  7 20:22:31 EDT 2022
Job ID:     113282.sched-pace-ice.pace.gatech.edu
User ID:    hstrauss6
Job name:   run.pbs
Resources:  walltime=00:40:00,nodes=1:ppn=4:gpus=1:TeslaV100-16GB,pmem=8gb,neednodes=1:ppn=4:gpus=1:TeslaV100-16GB
Rsrc Used:  cput=00:40:01,vmem=6742668kb,walltime=00:40:13,mem=22136kb,energy_used=0
Queue:      pace-ice-gpu
Nodes:     
atl1-1-02-009-31.pace.gatech.edu
End PBS Epilogue Thu Apr  7 20:22:31 EDT 2022
---------------------------------------
---------------------------------------
Begin PBS Prologue Fri Apr  8 12:08:02 EDT 2022
Job ID:     113304.sched-pace-ice.pace.gatech.edu
User ID:    hstrauss6
Job name:   run.pbs
Queue:      pace-ice-gpu
End PBS Prologue Fri Apr  8 12:08:02 EDT 2022
---------------------------------------
---------------------------------------
Begin PBS Prologue Fri Apr  8 12:12:10 EDT 2022
Job ID:     113307.sched-pace-ice.pace.gatech.edu
User ID:    hstrauss6
Job name:   run.pbs
Queue:      pace-ice-gpu
End PBS Prologue Fri Apr  8 12:12:10 EDT 2022
---------------------------------------
---------------------------------------
Begin PBS Epilogue Fri Apr  8 12:12:12 EDT 2022
Job ID:     113307.sched-pace-ice.pace.gatech.edu
User ID:    hstrauss6
Job name:   run.pbs
Resources:  walltime=00:40:00,nodes=1:ppn=4:gpus=1:TeslaV100-16GB,pmem=8gb,neednodes=1:ppn=4:gpus=1:TeslaV100-16GB
Rsrc Used:  cput=00:00:00,vmem=0kb,walltime=00:00:02,mem=0kb,energy_used=0
Queue:      pace-ice-gpu
Nodes:     
atl1-1-02-009-31.pace.gatech.edu
End PBS Epilogue Fri Apr  8 12:12:12 EDT 2022
---------------------------------------
---------------------------------------
Begin PBS Prologue Fri Apr  8 12:16:49 EDT 2022
Job ID:     113308.sched-pace-ice.pace.gatech.edu
User ID:    hstrauss6
Job name:   run.pbs
Queue:      pace-ice-gpu
End PBS Prologue Fri Apr  8 12:16:49 EDT 2022
---------------------------------------
---------------------------------------
Begin PBS Prologue Fri Apr  8 12:24:34 EDT 2022
Job ID:     113311.sched-pace-ice.pace.gatech.edu
User ID:    hstrauss6
Job name:   run.pbs
Queue:      pace-ice-gpu
End PBS Prologue Fri Apr  8 12:24:34 EDT 2022
---------------------------------------
---------------------------------------
Begin PBS Prologue Fri Apr  8 12:26:38 EDT 2022
Job ID:     113312.sched-pace-ice.pace.gatech.edu
User ID:    hstrauss6
Job name:   run.pbs
Queue:      pace-ice-gpu
End PBS Prologue Fri Apr  8 12:26:38 EDT 2022
---------------------------------------
---------------------------------------
Begin PBS Prologue Fri Apr  8 12:30:46 EDT 2022
Job ID:     113316.sched-pace-ice.pace.gatech.edu
User ID:    hstrauss6
Job name:   run.pbs
Queue:      pace-ice-gpu
End PBS Prologue Fri Apr  8 12:30:46 EDT 2022
---------------------------------------
---------------------------------------
Begin PBS Epilogue Fri Apr  8 12:30:47 EDT 2022
Job ID:     113316.sched-pace-ice.pace.gatech.edu
User ID:    hstrauss6
Job name:   run.pbs
Resources:  walltime=01:00:00,nodes=1:ppn=4:gpus=1:TeslaV100-16GB,pmem=8gb,neednodes=1:ppn=4:gpus=1:TeslaV100-16GB
Rsrc Used:  cput=00:00:00,vmem=0kb,walltime=00:00:02,mem=0kb,energy_used=0
Queue:      pace-ice-gpu
Nodes:     
atl1-1-02-009-33.pace.gatech.edu
End PBS Epilogue Fri Apr  8 12:30:47 EDT 2022
---------------------------------------
---------------------------------------
Begin PBS Prologue Fri Apr  8 12:32:18 EDT 2022
Job ID:     113318.sched-pace-ice.pace.gatech.edu
User ID:    hstrauss6
Job name:   run.pbs
Queue:      pace-ice-gpu
End PBS Prologue Fri Apr  8 12:32:18 EDT 2022
---------------------------------------
---------------------------------------
Begin PBS Epilogue Fri Apr  8 12:32:20 EDT 2022
Job ID:     113318.sched-pace-ice.pace.gatech.edu
User ID:    hstrauss6
Job name:   run.pbs
Resources:  walltime=01:00:00,nodes=1:ppn=4:gpus=1:TeslaV100-16GB,pmem=8gb,neednodes=1:ppn=4:gpus=1:TeslaV100-16GB
Rsrc Used:  cput=00:00:00,vmem=0kb,walltime=00:00:02,mem=0kb,energy_used=0
Queue:      pace-ice-gpu
Nodes:     
atl1-1-02-009-33.pace.gatech.edu
End PBS Epilogue Fri Apr  8 12:32:20 EDT 2022
---------------------------------------
---------------------------------------
Begin PBS Prologue Fri Apr  8 12:33:21 EDT 2022
Job ID:     113319.sched-pace-ice.pace.gatech.edu
User ID:    hstrauss6
Job name:   run.pbs
Queue:      pace-ice-gpu
End PBS Prologue Fri Apr  8 12:33:21 EDT 2022
---------------------------------------
---------------------------------------
Begin PBS Epilogue Fri Apr  8 12:33:22 EDT 2022
Job ID:     113319.sched-pace-ice.pace.gatech.edu
User ID:    hstrauss6
Job name:   run.pbs
Resources:  walltime=01:00:00,nodes=1:ppn=4:gpus=1:TeslaV100-16GB,pmem=8gb,neednodes=1:ppn=4:gpus=1:TeslaV100-16GB
Rsrc Used:  cput=00:00:00,vmem=0kb,walltime=00:00:02,mem=0kb,energy_used=0
Queue:      pace-ice-gpu
Nodes:     
atl1-1-02-009-33.pace.gatech.edu
End PBS Epilogue Fri Apr  8 12:33:22 EDT 2022
---------------------------------------
---------------------------------------
Begin PBS Epilogue Fri Apr  8 12:48:29 EDT 2022
Job ID:     113304.sched-pace-ice.pace.gatech.edu
User ID:    hstrauss6
Job name:   run.pbs
Resources:  walltime=00:40:00,nodes=1:ppn=4:gpus=1:TeslaV100-16GB,pmem=8gb,neednodes=1:ppn=4:gpus=1:TeslaV100-16GB
Rsrc Used:  cput=00:40:20,vmem=6743228kb,walltime=00:40:28,mem=22152kb,energy_used=0
Queue:      pace-ice-gpu
Nodes:     
atl1-1-02-009-31.pace.gatech.edu
End PBS Epilogue Fri Apr  8 12:48:29 EDT 2022
---------------------------------------
---------------------------------------
Begin PBS Epilogue Fri Apr  8 12:57:34 EDT 2022
Job ID:     113308.sched-pace-ice.pace.gatech.edu
User ID:    hstrauss6
Job name:   run.pbs
Resources:  walltime=00:40:00,nodes=1:ppn=4:gpus=1:TeslaV100-16GB,pmem=8gb,neednodes=1:ppn=4:gpus=1:TeslaV100-16GB
Rsrc Used:  cput=00:40:34,vmem=6743224kb,walltime=00:40:45,mem=22152kb,energy_used=0
Queue:      pace-ice-gpu
Nodes:     
atl1-1-02-009-31.pace.gatech.edu
End PBS Epilogue Fri Apr  8 12:57:34 EDT 2022
---------------------------------------
---------------------------------------
Begin PBS Epilogue Fri Apr  8 13:05:15 EDT 2022
Job ID:     113311.sched-pace-ice.pace.gatech.edu
User ID:    hstrauss6
Job name:   run.pbs
Resources:  walltime=00:40:00,nodes=1:ppn=4:gpus=1:TeslaV100-16GB,pmem=8gb,neednodes=1:ppn=4:gpus=1:TeslaV100-16GB
Rsrc Used:  cput=00:40:30,vmem=6743224kb,walltime=00:40:42,mem=22152kb,energy_used=0
Queue:      pace-ice-gpu
Nodes:     
atl1-1-02-009-32.pace.gatech.edu
End PBS Epilogue Fri Apr  8 13:05:15 EDT 2022
---------------------------------------
---------------------------------------
Begin PBS Epilogue Fri Apr  8 13:27:15 EDT 2022
Job ID:     113312.sched-pace-ice.pace.gatech.edu
User ID:    hstrauss6
Job name:   run.pbs
Resources:  walltime=01:00:00,nodes=1:ppn=4:gpus=1:TeslaV100-16GB,pmem=8gb,neednodes=1:ppn=4:gpus=1:TeslaV100-16GB
Rsrc Used:  cput=01:00:26,vmem=6743224kb,walltime=01:00:38,mem=22152kb,energy_used=0
Queue:      pace-ice-gpu
Nodes:     
atl1-1-02-009-32.pace.gatech.edu
End PBS Epilogue Fri Apr  8 13:27:15 EDT 2022
---------------------------------------
---------------------------------------
Begin PBS Prologue Fri Apr  8 15:35:31 EDT 2022
Job ID:     113366.sched-pace-ice.pace.gatech.edu
User ID:    hstrauss6
Job name:   run.pbs
Queue:      pace-ice-gpu
End PBS Prologue Fri Apr  8 15:35:31 EDT 2022
---------------------------------------
---------------------------------------
Begin PBS Epilogue Fri Apr  8 15:35:32 EDT 2022
Job ID:     113366.sched-pace-ice.pace.gatech.edu
User ID:    hstrauss6
Job name:   run.pbs
Resources:  walltime=01:00:00,nodes=1:ppn=4:gpus=1:TeslaV100-16GB,pmem=8gb,neednodes=1:ppn=4:gpus=1:TeslaV100-16GB
Rsrc Used:  cput=00:00:00,vmem=0kb,walltime=00:00:02,mem=0kb,energy_used=0
Queue:      pace-ice-gpu
Nodes:     
atl1-1-02-009-31.pace.gatech.edu
End PBS Epilogue Fri Apr  8 15:35:32 EDT 2022
---------------------------------------
---------------------------------------
Begin PBS Prologue Fri Apr  8 15:39:08 EDT 2022
Job ID:     113367.sched-pace-ice.pace.gatech.edu
User ID:    hstrauss6
Job name:   run.pbs
Queue:      pace-ice-gpu
End PBS Prologue Fri Apr  8 15:39:08 EDT 2022
---------------------------------------
---------------------------------------
Begin PBS Epilogue Fri Apr  8 15:39:09 EDT 2022
Job ID:     113367.sched-pace-ice.pace.gatech.edu
User ID:    hstrauss6
Job name:   run.pbs
Resources:  walltime=01:00:00,nodes=1:ppn=4:gpus=1:TeslaV100-16GB,pmem=8gb,neednodes=1:ppn=4:gpus=1:TeslaV100-16GB
Rsrc Used:  cput=00:00:00,vmem=0kb,walltime=00:00:02,mem=0kb,energy_used=0
Queue:      pace-ice-gpu
Nodes:     
atl1-1-02-009-31.pace.gatech.edu
End PBS Epilogue Fri Apr  8 15:39:09 EDT 2022
---------------------------------------
---------------------------------------
Begin PBS Prologue Fri Apr  8 15:40:40 EDT 2022
Job ID:     113368.sched-pace-ice.pace.gatech.edu
User ID:    hstrauss6
Job name:   run.pbs
Queue:      pace-ice-gpu
End PBS Prologue Fri Apr  8 15:40:40 EDT 2022
---------------------------------------
---------------------------------------
Begin PBS Epilogue Fri Apr  8 15:40:42 EDT 2022
Job ID:     113368.sched-pace-ice.pace.gatech.edu
User ID:    hstrauss6
Job name:   run.pbs
Resources:  walltime=01:00:00,nodes=1:ppn=4:gpus=1:TeslaV100-16GB,pmem=8gb,neednodes=1:ppn=4:gpus=1:TeslaV100-16GB
Rsrc Used:  cput=00:00:00,vmem=0kb,walltime=00:00:02,mem=0kb,energy_used=0
Queue:      pace-ice-gpu
Nodes:     
atl1-1-02-009-31.pace.gatech.edu
End PBS Epilogue Fri Apr  8 15:40:42 EDT 2022
---------------------------------------
---------------------------------------
Begin PBS Prologue Fri Apr  8 15:45:50 EDT 2022
Job ID:     113369.sched-pace-ice.pace.gatech.edu
User ID:    hstrauss6
Job name:   run.pbs
Queue:      pace-ice-gpu
End PBS Prologue Fri Apr  8 15:45:51 EDT 2022
---------------------------------------
---------------------------------------
Begin PBS Epilogue Fri Apr  8 15:45:52 EDT 2022
Job ID:     113369.sched-pace-ice.pace.gatech.edu
User ID:    hstrauss6
Job name:   run.pbs
Resources:  walltime=01:00:00,nodes=1:ppn=4:gpus=1:TeslaV100-16GB,pmem=8gb,neednodes=1:ppn=4:gpus=1:TeslaV100-16GB
Rsrc Used:  cput=00:00:00,vmem=0kb,walltime=00:00:02,mem=0kb,energy_used=0
Queue:      pace-ice-gpu
Nodes:     
atl1-1-02-009-31.pace.gatech.edu
End PBS Epilogue Fri Apr  8 15:45:52 EDT 2022
---------------------------------------
---------------------------------------
Begin PBS Prologue Fri Apr  8 15:47:54 EDT 2022
Job ID:     113370.sched-pace-ice.pace.gatech.edu
User ID:    hstrauss6
Job name:   run.pbs
Queue:      pace-ice-gpu
End PBS Prologue Fri Apr  8 15:47:55 EDT 2022
---------------------------------------
---------------------------------------
Begin PBS Epilogue Fri Apr  8 15:47:56 EDT 2022
Job ID:     113370.sched-pace-ice.pace.gatech.edu
User ID:    hstrauss6
Job name:   run.pbs
Resources:  walltime=01:00:00,nodes=1:ppn=4:gpus=1:TeslaV100-16GB,pmem=8gb,neednodes=1:ppn=4:gpus=1:TeslaV100-16GB
Rsrc Used:  cput=00:00:00,vmem=0kb,walltime=00:00:02,mem=0kb,energy_used=0
Queue:      pace-ice-gpu
Nodes:     
atl1-1-02-009-31.pace.gatech.edu
End PBS Epilogue Fri Apr  8 15:47:56 EDT 2022
---------------------------------------
---------------------------------------
Begin PBS Prologue Fri Apr  8 15:52:33 EDT 2022
Job ID:     113371.sched-pace-ice.pace.gatech.edu
User ID:    hstrauss6
Job name:   run.pbs
Queue:      pace-ice-gpu
End PBS Prologue Fri Apr  8 15:52:33 EDT 2022
---------------------------------------
---------------------------------------
Begin PBS Epilogue Fri Apr  8 15:52:35 EDT 2022
Job ID:     113371.sched-pace-ice.pace.gatech.edu
User ID:    hstrauss6
Job name:   run.pbs
Resources:  walltime=01:00:00,nodes=1:ppn=4:gpus=1:TeslaV100-16GB,pmem=8gb,neednodes=1:ppn=4:gpus=1:TeslaV100-16GB
Rsrc Used:  cput=00:00:00,vmem=0kb,walltime=00:00:02,mem=0kb,energy_used=0
Queue:      pace-ice-gpu
Nodes:     
atl1-1-02-009-31.pace.gatech.edu
End PBS Epilogue Fri Apr  8 15:52:35 EDT 2022
---------------------------------------
---------------------------------------
Begin PBS Prologue Fri Apr  8 15:54:38 EDT 2022
Job ID:     113372.sched-pace-ice.pace.gatech.edu
User ID:    hstrauss6
Job name:   run.pbs
Queue:      pace-ice-gpu
End PBS Prologue Fri Apr  8 15:54:38 EDT 2022
---------------------------------------
---------------------------------------
Begin PBS Epilogue Fri Apr  8 15:54:39 EDT 2022
Job ID:     113372.sched-pace-ice.pace.gatech.edu
User ID:    hstrauss6
Job name:   run.pbs
Resources:  walltime=01:00:00,nodes=1:ppn=4:gpus=1:TeslaV100-16GB,pmem=8gb,neednodes=1:ppn=4:gpus=1:TeslaV100-16GB
Rsrc Used:  cput=00:00:00,vmem=0kb,walltime=00:00:02,mem=0kb,energy_used=0
Queue:      pace-ice-gpu
Nodes:     
atl1-1-02-009-31.pace.gatech.edu
End PBS Epilogue Fri Apr  8 15:54:39 EDT 2022
---------------------------------------
---------------------------------------
Begin PBS Prologue Fri Apr  8 15:56:42 EDT 2022
Job ID:     113373.sched-pace-ice.pace.gatech.edu
User ID:    hstrauss6
Job name:   run.pbs
Queue:      pace-ice-gpu
End PBS Prologue Fri Apr  8 15:56:42 EDT 2022
---------------------------------------
---------------------------------------
Begin PBS Epilogue Fri Apr  8 15:56:43 EDT 2022
Job ID:     113373.sched-pace-ice.pace.gatech.edu
User ID:    hstrauss6
Job name:   run.pbs
Resources:  walltime=01:00:00,nodes=1:ppn=4:gpus=1:TeslaV100-16GB,pmem=8gb,neednodes=1:ppn=4:gpus=1:TeslaV100-16GB
Rsrc Used:  cput=00:00:00,vmem=0kb,walltime=00:00:01,mem=0kb,energy_used=0
Queue:      pace-ice-gpu
Nodes:     
atl1-1-02-009-31.pace.gatech.edu
End PBS Epilogue Fri Apr  8 15:56:43 EDT 2022
---------------------------------------
---------------------------------------
Begin PBS Prologue Fri Apr  8 16:00:49 EDT 2022
Job ID:     113374.sched-pace-ice.pace.gatech.edu
User ID:    hstrauss6
Job name:   run.pbs
Queue:      pace-ice-gpu
End PBS Prologue Fri Apr  8 16:00:49 EDT 2022
---------------------------------------
---------------------------------------
Begin PBS Epilogue Fri Apr  8 16:00:51 EDT 2022
Job ID:     113374.sched-pace-ice.pace.gatech.edu
User ID:    hstrauss6
Job name:   run.pbs
Resources:  walltime=01:00:00,nodes=1:ppn=4:gpus=1:TeslaV100-16GB,pmem=8gb,neednodes=1:ppn=4:gpus=1:TeslaV100-16GB
Rsrc Used:  cput=00:00:00,vmem=0kb,walltime=00:00:02,mem=0kb,energy_used=0
Queue:      pace-ice-gpu
Nodes:     
atl1-1-02-009-31.pace.gatech.edu
End PBS Epilogue Fri Apr  8 16:00:51 EDT 2022
---------------------------------------
---------------------------------------
Begin PBS Prologue Fri Apr  8 16:08:34 EDT 2022
Job ID:     113375.sched-pace-ice.pace.gatech.edu
User ID:    hstrauss6
Job name:   run.pbs
Queue:      pace-ice-gpu
End PBS Prologue Fri Apr  8 16:08:34 EDT 2022
---------------------------------------
---------------------------------------
Begin PBS Epilogue Fri Apr  8 16:08:36 EDT 2022
Job ID:     113375.sched-pace-ice.pace.gatech.edu
User ID:    hstrauss6
Job name:   run.pbs
Resources:  walltime=01:00:00,nodes=1:ppn=4:gpus=1:TeslaV100-16GB,pmem=8gb,neednodes=1:ppn=4:gpus=1:TeslaV100-16GB
Rsrc Used:  cput=00:00:00,vmem=0kb,walltime=00:00:02,mem=0kb,energy_used=0
Queue:      pace-ice-gpu
Nodes:     
atl1-1-02-009-31.pace.gatech.edu
End PBS Epilogue Fri Apr  8 16:08:36 EDT 2022
---------------------------------------
---------------------------------------
Begin PBS Prologue Fri Apr  8 16:13:13 EDT 2022
Job ID:     113376.sched-pace-ice.pace.gatech.edu
User ID:    hstrauss6
Job name:   run.pbs
Queue:      pace-ice-gpu
End PBS Prologue Fri Apr  8 16:13:13 EDT 2022
---------------------------------------
---------------------------------------
Begin PBS Epilogue Fri Apr  8 16:13:15 EDT 2022
Job ID:     113376.sched-pace-ice.pace.gatech.edu
User ID:    hstrauss6
Job name:   run.pbs
Resources:  walltime=01:00:00,nodes=1:ppn=4:gpus=1:TeslaV100-16GB,pmem=8gb,neednodes=1:ppn=4:gpus=1:TeslaV100-16GB
Rsrc Used:  cput=00:00:00,vmem=0kb,walltime=00:00:02,mem=0kb,energy_used=0
Queue:      pace-ice-gpu
Nodes:     
atl1-1-02-009-31.pace.gatech.edu
End PBS Epilogue Fri Apr  8 16:13:15 EDT 2022
---------------------------------------
---------------------------------------
Begin PBS Prologue Fri Apr  8 16:16:19 EDT 2022
Job ID:     113377.sched-pace-ice.pace.gatech.edu
User ID:    hstrauss6
Job name:   run.pbs
Queue:      pace-ice-gpu
End PBS Prologue Fri Apr  8 16:16:19 EDT 2022
---------------------------------------
---------------------------------------
Begin PBS Epilogue Fri Apr  8 16:16:21 EDT 2022
Job ID:     113377.sched-pace-ice.pace.gatech.edu
User ID:    hstrauss6
Job name:   run.pbs
Resources:  walltime=01:00:00,nodes=1:ppn=4:gpus=1:TeslaV100-16GB,pmem=8gb,neednodes=1:ppn=4:gpus=1:TeslaV100-16GB
Rsrc Used:  cput=00:00:00,vmem=0kb,walltime=00:00:02,mem=0kb,energy_used=0
Queue:      pace-ice-gpu
Nodes:     
atl1-1-02-009-31.pace.gatech.edu
End PBS Epilogue Fri Apr  8 16:16:21 EDT 2022
---------------------------------------
---------------------------------------
Begin PBS Prologue Fri Apr  8 16:19:02 EDT 2022
Job ID:     113378.sched-pace-ice.pace.gatech.edu
User ID:    hstrauss6
Job name:   run.pbs
Queue:      pace-ice-gpu
End PBS Prologue Fri Apr  8 16:19:02 EDT 2022
---------------------------------------
---------------------------------------
Begin PBS Epilogue Fri Apr  8 16:19:03 EDT 2022
Job ID:     113378.sched-pace-ice.pace.gatech.edu
User ID:    hstrauss6
Job name:   run.pbs
Resources:  walltime=01:00:00,nodes=1:ppn=4:gpus=1:TeslaV100-16GB,pmem=8gb,neednodes=1:ppn=4:gpus=1:TeslaV100-16GB
Rsrc Used:  cput=00:00:00,vmem=0kb,walltime=00:00:02,mem=0kb,energy_used=0
Queue:      pace-ice-gpu
Nodes:     
atl1-1-02-009-31.pace.gatech.edu
End PBS Epilogue Fri Apr  8 16:19:03 EDT 2022
---------------------------------------
---------------------------------------
Begin PBS Prologue Fri Apr  8 16:23:20 EDT 2022
Job ID:     113381.sched-pace-ice.pace.gatech.edu
User ID:    hstrauss6
Job name:   run.pbs
Queue:      pace-ice-gpu
End PBS Prologue Fri Apr  8 16:23:20 EDT 2022
---------------------------------------
---------------------------------------
Begin PBS Epilogue Fri Apr  8 16:23:21 EDT 2022
Job ID:     113381.sched-pace-ice.pace.gatech.edu
User ID:    hstrauss6
Job name:   run.pbs
Resources:  walltime=01:00:00,nodes=1:ppn=4:gpus=1:TeslaV100-16GB,pmem=8gb,neednodes=1:ppn=4:gpus=1:TeslaV100-16GB
Rsrc Used:  cput=00:00:00,vmem=0kb,walltime=00:00:02,mem=0kb,energy_used=0
Queue:      pace-ice-gpu
Nodes:     
atl1-1-02-009-31.pace.gatech.edu
End PBS Epilogue Fri Apr  8 16:23:21 EDT 2022
---------------------------------------
---------------------------------------
Begin PBS Prologue Fri Apr  8 16:34:42 EDT 2022
Job ID:     113382.sched-pace-ice.pace.gatech.edu
User ID:    hstrauss6
Job name:   run.pbs
Queue:      pace-ice-gpu
End PBS Prologue Fri Apr  8 16:34:42 EDT 2022
---------------------------------------
---------------------------------------
Begin PBS Epilogue Fri Apr  8 16:34:43 EDT 2022
Job ID:     113382.sched-pace-ice.pace.gatech.edu
User ID:    hstrauss6
Job name:   run.pbs
Resources:  walltime=01:00:00,nodes=1:ppn=4:gpus=1:TeslaV100-16GB,pmem=8gb,neednodes=1:ppn=4:gpus=1:TeslaV100-16GB
Rsrc Used:  cput=00:00:00,vmem=0kb,walltime=00:00:02,mem=0kb,energy_used=0
Queue:      pace-ice-gpu
Nodes:     
atl1-1-02-009-31.pace.gatech.edu
End PBS Epilogue Fri Apr  8 16:34:43 EDT 2022
---------------------------------------
---------------------------------------
Begin PBS Prologue Fri Apr  8 16:37:16 EDT 2022
Job ID:     113383.sched-pace-ice.pace.gatech.edu
User ID:    hstrauss6
Job name:   run.pbs
Queue:      pace-ice-gpu
End PBS Prologue Fri Apr  8 16:37:17 EDT 2022
---------------------------------------
---------------------------------------
Begin PBS Epilogue Fri Apr  8 16:37:18 EDT 2022
Job ID:     113383.sched-pace-ice.pace.gatech.edu
User ID:    hstrauss6
Job name:   run.pbs
Resources:  walltime=01:00:00,nodes=1:ppn=4:gpus=1:TeslaV100-16GB,pmem=8gb,neednodes=1:ppn=4:gpus=1:TeslaV100-16GB
Rsrc Used:  cput=00:00:00,vmem=0kb,walltime=00:00:02,mem=0kb,energy_used=0
Queue:      pace-ice-gpu
Nodes:     
atl1-1-02-009-31.pace.gatech.edu
End PBS Epilogue Fri Apr  8 16:37:18 EDT 2022
---------------------------------------
---------------------------------------
Begin PBS Prologue Fri Apr  8 16:43:29 EDT 2022
Job ID:     113384.sched-pace-ice.pace.gatech.edu
User ID:    hstrauss6
Job name:   run.pbs
Queue:      pace-ice-gpu
End PBS Prologue Fri Apr  8 16:43:29 EDT 2022
---------------------------------------
---------------------------------------
Begin PBS Epilogue Fri Apr  8 16:43:30 EDT 2022
Job ID:     113384.sched-pace-ice.pace.gatech.edu
User ID:    hstrauss6
Job name:   run.pbs
Resources:  walltime=01:00:00,nodes=1:ppn=4:gpus=1:TeslaV100-16GB,pmem=8gb,neednodes=1:ppn=4:gpus=1:TeslaV100-16GB
Rsrc Used:  cput=00:00:00,vmem=0kb,walltime=00:00:02,mem=0kb,energy_used=0
Queue:      pace-ice-gpu
Nodes:     
atl1-1-02-009-31.pace.gatech.edu
End PBS Epilogue Fri Apr  8 16:43:30 EDT 2022
---------------------------------------
---------------------------------------
Begin PBS Prologue Fri Apr  8 16:45:02 EDT 2022
Job ID:     113385.sched-pace-ice.pace.gatech.edu
User ID:    hstrauss6
Job name:   run.pbs
Queue:      pace-ice-gpu
End PBS Prologue Fri Apr  8 16:45:02 EDT 2022
---------------------------------------
---------------------------------------
Begin PBS Epilogue Fri Apr  8 16:45:03 EDT 2022
Job ID:     113385.sched-pace-ice.pace.gatech.edu
User ID:    hstrauss6
Job name:   run.pbs
Resources:  walltime=01:00:00,nodes=1:ppn=4:gpus=1:TeslaV100-16GB,pmem=8gb,neednodes=1:ppn=4:gpus=1:TeslaV100-16GB
Rsrc Used:  cput=00:00:00,vmem=0kb,walltime=00:00:02,mem=0kb,energy_used=0
Queue:      pace-ice-gpu
Nodes:     
atl1-1-02-009-31.pace.gatech.edu
End PBS Epilogue Fri Apr  8 16:45:03 EDT 2022
---------------------------------------
---------------------------------------
Begin PBS Prologue Fri Apr  8 16:46:34 EDT 2022
Job ID:     113386.sched-pace-ice.pace.gatech.edu
User ID:    hstrauss6
Job name:   run.pbs
Queue:      pace-ice-gpu
End PBS Prologue Fri Apr  8 16:46:34 EDT 2022
---------------------------------------
---------------------------------------
Begin PBS Epilogue Fri Apr  8 16:46:36 EDT 2022
Job ID:     113386.sched-pace-ice.pace.gatech.edu
User ID:    hstrauss6
Job name:   run.pbs
Resources:  walltime=01:00:00,nodes=1:ppn=4:gpus=1:TeslaV100-16GB,pmem=8gb,neednodes=1:ppn=4:gpus=1:TeslaV100-16GB
Rsrc Used:  cput=00:00:00,vmem=0kb,walltime=00:00:02,mem=0kb,energy_used=0
Queue:      pace-ice-gpu
Nodes:     
atl1-1-02-009-31.pace.gatech.edu
End PBS Epilogue Fri Apr  8 16:46:36 EDT 2022
---------------------------------------
---------------------------------------
Begin PBS Prologue Fri Apr  8 16:49:40 EDT 2022
Job ID:     113387.sched-pace-ice.pace.gatech.edu
User ID:    hstrauss6
Job name:   run.pbs
Queue:      pace-ice-gpu
End PBS Prologue Fri Apr  8 16:49:40 EDT 2022
---------------------------------------
---------------------------------------
Begin PBS Epilogue Fri Apr  8 16:49:42 EDT 2022
Job ID:     113387.sched-pace-ice.pace.gatech.edu
User ID:    hstrauss6
Job name:   run.pbs
Resources:  walltime=01:00:00,nodes=1:ppn=4:gpus=1:TeslaV100-16GB,pmem=8gb,neednodes=1:ppn=4:gpus=1:TeslaV100-16GB
Rsrc Used:  cput=00:00:00,vmem=0kb,walltime=00:00:02,mem=0kb,energy_used=0
Queue:      pace-ice-gpu
Nodes:     
atl1-1-02-009-31.pace.gatech.edu
End PBS Epilogue Fri Apr  8 16:49:42 EDT 2022
---------------------------------------
---------------------------------------
Begin PBS Prologue Fri Apr  8 16:51:13 EDT 2022
Job ID:     113388.sched-pace-ice.pace.gatech.edu
User ID:    hstrauss6
Job name:   run.pbs
Queue:      pace-ice-gpu
End PBS Prologue Fri Apr  8 16:51:13 EDT 2022
---------------------------------------
---------------------------------------
Begin PBS Epilogue Fri Apr  8 16:51:15 EDT 2022
Job ID:     113388.sched-pace-ice.pace.gatech.edu
User ID:    hstrauss6
Job name:   run.pbs
Resources:  walltime=01:00:00,nodes=1:ppn=4:gpus=1:TeslaV100-16GB,pmem=8gb,neednodes=1:ppn=4:gpus=1:TeslaV100-16GB
Rsrc Used:  cput=00:00:00,vmem=0kb,walltime=00:00:02,mem=0kb,energy_used=0
Queue:      pace-ice-gpu
Nodes:     
atl1-1-02-009-31.pace.gatech.edu
End PBS Epilogue Fri Apr  8 16:51:16 EDT 2022
---------------------------------------
---------------------------------------
Begin PBS Prologue Fri Apr  8 16:52:46 EDT 2022
Job ID:     113390.sched-pace-ice.pace.gatech.edu
User ID:    hstrauss6
Job name:   run.pbs
Queue:      pace-ice-gpu
End PBS Prologue Fri Apr  8 16:52:46 EDT 2022
---------------------------------------
---------------------------------------
Begin PBS Epilogue Fri Apr  8 16:52:48 EDT 2022
Job ID:     113390.sched-pace-ice.pace.gatech.edu
User ID:    hstrauss6
Job name:   run.pbs
Resources:  walltime=01:00:00,nodes=1:ppn=4:gpus=1:TeslaV100-16GB,pmem=8gb,neednodes=1:ppn=4:gpus=1:TeslaV100-16GB
Rsrc Used:  cput=00:00:00,vmem=0kb,walltime=00:00:02,mem=0kb,energy_used=0
Queue:      pace-ice-gpu
Nodes:     
atl1-1-02-009-31.pace.gatech.edu
End PBS Epilogue Fri Apr  8 16:52:48 EDT 2022
---------------------------------------
---------------------------------------
Begin PBS Prologue Fri Apr  8 16:54:50 EDT 2022
Job ID:     113392.sched-pace-ice.pace.gatech.edu
User ID:    hstrauss6
Job name:   run.pbs
Queue:      pace-ice-gpu
End PBS Prologue Fri Apr  8 16:54:50 EDT 2022
---------------------------------------
---------------------------------------
Begin PBS Epilogue Fri Apr  8 16:54:52 EDT 2022
Job ID:     113392.sched-pace-ice.pace.gatech.edu
User ID:    hstrauss6
Job name:   run.pbs
Resources:  walltime=01:00:00,nodes=1:ppn=4:gpus=1:TeslaV100-16GB,pmem=8gb,neednodes=1:ppn=4:gpus=1:TeslaV100-16GB
Rsrc Used:  cput=00:00:00,vmem=0kb,walltime=00:00:02,mem=0kb,energy_used=0
Queue:      pace-ice-gpu
Nodes:     
atl1-1-02-009-31.pace.gatech.edu
End PBS Epilogue Fri Apr  8 16:54:52 EDT 2022
---------------------------------------
---------------------------------------
Begin PBS Prologue Fri Apr  8 16:57:26 EDT 2022
Job ID:     113393.sched-pace-ice.pace.gatech.edu
User ID:    hstrauss6
Job name:   run.pbs
Queue:      pace-ice-gpu
End PBS Prologue Fri Apr  8 16:57:26 EDT 2022
---------------------------------------
---------------------------------------
Begin PBS Epilogue Fri Apr  8 16:57:27 EDT 2022
Job ID:     113393.sched-pace-ice.pace.gatech.edu
User ID:    hstrauss6
Job name:   run.pbs
Resources:  walltime=01:00:00,nodes=1:ppn=4:gpus=1:TeslaV100-16GB,pmem=8gb,neednodes=1:ppn=4:gpus=1:TeslaV100-16GB
Rsrc Used:  cput=00:00:00,vmem=384492kb,walltime=00:00:02,mem=836kb,energy_used=0
Queue:      pace-ice-gpu
Nodes:     
atl1-1-02-009-31.pace.gatech.edu
End PBS Epilogue Fri Apr  8 16:57:27 EDT 2022
---------------------------------------
---------------------------------------
Begin PBS Prologue Fri Apr  8 17:08:16 EDT 2022
Job ID:     113396.sched-pace-ice.pace.gatech.edu
User ID:    hstrauss6
Job name:   run.pbs
Queue:      pace-ice-gpu
End PBS Prologue Fri Apr  8 17:08:16 EDT 2022
---------------------------------------
---------------------------------------
Begin PBS Epilogue Fri Apr  8 17:08:18 EDT 2022
Job ID:     113396.sched-pace-ice.pace.gatech.edu
User ID:    hstrauss6
Job name:   run.pbs
Resources:  walltime=01:00:00,nodes=1:ppn=4:gpus=1:TeslaV100-16GB,pmem=8gb,neednodes=1:ppn=4:gpus=1:TeslaV100-16GB
Rsrc Used:  cput=00:00:00,vmem=0kb,walltime=00:00:02,mem=0kb,energy_used=0
Queue:      pace-ice-gpu
Nodes:     
atl1-1-02-009-31.pace.gatech.edu
End PBS Epilogue Fri Apr  8 17:08:18 EDT 2022
---------------------------------------
---------------------------------------
Begin PBS Prologue Sun Apr 10 09:17:19 EDT 2022
Job ID:     113536.sched-pace-ice.pace.gatech.edu
User ID:    hstrauss6
Job name:   run.pbs
Queue:      pace-ice-gpu
End PBS Prologue Sun Apr 10 09:17:19 EDT 2022
---------------------------------------
---------------------------------------
Begin PBS Epilogue Sun Apr 10 09:17:20 EDT 2022
Job ID:     113536.sched-pace-ice.pace.gatech.edu
User ID:    hstrauss6
Job name:   run.pbs
Resources:  walltime=01:00:00,nodes=1:ppn=4:gpus=1:TeslaV100-16GB,pmem=8gb,neednodes=1:ppn=4:gpus=1:TeslaV100-16GB
Rsrc Used:  cput=00:00:00,vmem=0kb,walltime=00:00:02,mem=0kb,energy_used=0
Queue:      pace-ice-gpu
Nodes:     
atl1-1-02-009-31.pace.gatech.edu
End PBS Epilogue Sun Apr 10 09:17:20 EDT 2022
---------------------------------------
---------------------------------------
Begin PBS Prologue Sun Apr 10 09:30:44 EDT 2022
Job ID:     113538.sched-pace-ice.pace.gatech.edu
User ID:    hstrauss6
Job name:   run.pbs
Queue:      pace-ice-gpu
End PBS Prologue Sun Apr 10 09:30:44 EDT 2022
---------------------------------------
---------------------------------------
Begin PBS Epilogue Sun Apr 10 09:30:46 EDT 2022
Job ID:     113538.sched-pace-ice.pace.gatech.edu
User ID:    hstrauss6
Job name:   run.pbs
Resources:  walltime=01:00:00,nodes=1:ppn=4:gpus=1:TeslaV100-16GB,pmem=8gb,neednodes=1:ppn=4:gpus=1:TeslaV100-16GB
Rsrc Used:  cput=00:00:00,vmem=0kb,walltime=00:00:02,mem=0kb,energy_used=0
Queue:      pace-ice-gpu
Nodes:     
atl1-1-02-009-31.pace.gatech.edu
End PBS Epilogue Sun Apr 10 09:30:46 EDT 2022
---------------------------------------
---------------------------------------
Begin PBS Prologue Sun Apr 10 09:35:55 EDT 2022
Job ID:     113539.sched-pace-ice.pace.gatech.edu
User ID:    hstrauss6
Job name:   run.pbs
Queue:      pace-ice-gpu
End PBS Prologue Sun Apr 10 09:35:55 EDT 2022
---------------------------------------
---------------------------------------
Begin PBS Epilogue Sun Apr 10 09:35:56 EDT 2022
Job ID:     113539.sched-pace-ice.pace.gatech.edu
User ID:    hstrauss6
Job name:   run.pbs
Resources:  walltime=01:00:00,nodes=1:ppn=4:gpus=1:TeslaV100-16GB,pmem=8gb,neednodes=1:ppn=4:gpus=1:TeslaV100-16GB
Rsrc Used:  cput=00:00:00,vmem=0kb,walltime=00:00:02,mem=0kb,energy_used=0
Queue:      pace-ice-gpu
Nodes:     
atl1-1-02-009-31.pace.gatech.edu
End PBS Epilogue Sun Apr 10 09:35:56 EDT 2022
---------------------------------------
---------------------------------------
Begin PBS Prologue Sun Apr 10 09:40:03 EDT 2022
Job ID:     113540.sched-pace-ice.pace.gatech.edu
User ID:    hstrauss6
Job name:   run.pbs
Queue:      pace-ice-gpu
End PBS Prologue Sun Apr 10 09:40:03 EDT 2022
---------------------------------------
---------------------------------------
Begin PBS Epilogue Sun Apr 10 09:40:04 EDT 2022
Job ID:     113540.sched-pace-ice.pace.gatech.edu
User ID:    hstrauss6
Job name:   run.pbs
Resources:  walltime=01:00:00,nodes=1:ppn=4:gpus=1:TeslaV100-16GB,pmem=8gb,neednodes=1:ppn=4:gpus=1:TeslaV100-16GB
Rsrc Used:  cput=00:00:00,vmem=0kb,walltime=00:00:02,mem=0kb,energy_used=0
Queue:      pace-ice-gpu
Nodes:     
atl1-1-02-009-31.pace.gatech.edu
End PBS Epilogue Sun Apr 10 09:40:04 EDT 2022
---------------------------------------
---------------------------------------
Begin PBS Prologue Sun Apr 10 09:42:06 EDT 2022
Job ID:     113541.sched-pace-ice.pace.gatech.edu
User ID:    hstrauss6
Job name:   run.pbs
Queue:      pace-ice-gpu
End PBS Prologue Sun Apr 10 09:42:07 EDT 2022
---------------------------------------
---------------------------------------
Begin PBS Epilogue Sun Apr 10 09:42:08 EDT 2022
Job ID:     113541.sched-pace-ice.pace.gatech.edu
User ID:    hstrauss6
Job name:   run.pbs
Resources:  walltime=01:00:00,nodes=1:ppn=4:gpus=1:TeslaV100-16GB,pmem=8gb,neednodes=1:ppn=4:gpus=1:TeslaV100-16GB
Rsrc Used:  cput=00:00:00,vmem=0kb,walltime=00:00:02,mem=0kb,energy_used=0
Queue:      pace-ice-gpu
Nodes:     
atl1-1-02-009-31.pace.gatech.edu
End PBS Epilogue Sun Apr 10 09:42:08 EDT 2022
---------------------------------------
---------------------------------------
Begin PBS Prologue Sun Apr 10 09:45:13 EDT 2022
Job ID:     113542.sched-pace-ice.pace.gatech.edu
User ID:    hstrauss6
Job name:   run.pbs
Queue:      pace-ice-gpu
End PBS Prologue Sun Apr 10 09:45:13 EDT 2022
---------------------------------------
---------------------------------------
Begin PBS Epilogue Sun Apr 10 09:45:14 EDT 2022
Job ID:     113542.sched-pace-ice.pace.gatech.edu
User ID:    hstrauss6
Job name:   run.pbs
Resources:  walltime=01:00:00,nodes=1:ppn=4:gpus=1:TeslaV100-16GB,pmem=8gb,neednodes=1:ppn=4:gpus=1:TeslaV100-16GB
Rsrc Used:  cput=00:00:00,vmem=0kb,walltime=00:00:02,mem=0kb,energy_used=0
Queue:      pace-ice-gpu
Nodes:     
atl1-1-02-009-31.pace.gatech.edu
End PBS Epilogue Sun Apr 10 09:45:14 EDT 2022
---------------------------------------
---------------------------------------
Begin PBS Prologue Sun Apr 10 09:46:15 EDT 2022
Job ID:     113543.sched-pace-ice.pace.gatech.edu
User ID:    hstrauss6
Job name:   run.pbs
Queue:      pace-ice-gpu
End PBS Prologue Sun Apr 10 09:46:15 EDT 2022
---------------------------------------
---------------------------------------
Begin PBS Epilogue Sun Apr 10 09:46:16 EDT 2022
Job ID:     113543.sched-pace-ice.pace.gatech.edu
User ID:    hstrauss6
Job name:   run.pbs
Resources:  walltime=01:00:00,nodes=1:ppn=4:gpus=1:TeslaV100-16GB,pmem=8gb,neednodes=1:ppn=4:gpus=1:TeslaV100-16GB
Rsrc Used:  cput=00:00:00,vmem=0kb,walltime=00:00:02,mem=0kb,energy_used=0
Queue:      pace-ice-gpu
Nodes:     
atl1-1-02-009-31.pace.gatech.edu
End PBS Epilogue Sun Apr 10 09:46:16 EDT 2022
---------------------------------------
---------------------------------------
Begin PBS Prologue Sun Apr 10 09:47:48 EDT 2022
Job ID:     113544.sched-pace-ice.pace.gatech.edu
User ID:    hstrauss6
Job name:   run.pbs
Queue:      pace-ice-gpu
End PBS Prologue Sun Apr 10 09:47:48 EDT 2022
---------------------------------------
---------------------------------------
Begin PBS Epilogue Sun Apr 10 09:47:49 EDT 2022
Job ID:     113544.sched-pace-ice.pace.gatech.edu
User ID:    hstrauss6
Job name:   run.pbs
Resources:  walltime=01:00:00,nodes=1:ppn=4:gpus=1:TeslaV100-16GB,pmem=8gb,neednodes=1:ppn=4:gpus=1:TeslaV100-16GB
Rsrc Used:  cput=00:00:00,vmem=293900kb,walltime=00:00:02,mem=4876kb,energy_used=0
Queue:      pace-ice-gpu
Nodes:     
atl1-1-02-009-31.pace.gatech.edu
End PBS Epilogue Sun Apr 10 09:47:49 EDT 2022
---------------------------------------
---------------------------------------
Begin PBS Prologue Sun Apr 10 09:51:55 EDT 2022
Job ID:     113545.sched-pace-ice.pace.gatech.edu
User ID:    hstrauss6
Job name:   run.pbs
Queue:      pace-ice-gpu
End PBS Prologue Sun Apr 10 09:51:56 EDT 2022
---------------------------------------
---------------------------------------
Begin PBS Epilogue Sun Apr 10 09:52:02 EDT 2022
Job ID:     113545.sched-pace-ice.pace.gatech.edu
User ID:    hstrauss6
Job name:   run.pbs
Resources:  walltime=01:00:00,nodes=1:ppn=4:gpus=1:TeslaV100-16GB,pmem=8gb,neednodes=1:ppn=4:gpus=1:TeslaV100-16GB
Rsrc Used:  cput=00:00:05,vmem=0kb,walltime=00:00:07,mem=0kb,energy_used=0
Queue:      pace-ice-gpu
Nodes:     
atl1-1-02-009-31.pace.gatech.edu
End PBS Epilogue Sun Apr 10 09:52:02 EDT 2022
---------------------------------------
---------------------------------------
Begin PBS Prologue Sun Apr 10 09:56:35 EDT 2022
Job ID:     113546.sched-pace-ice.pace.gatech.edu
User ID:    hstrauss6
Job name:   run.pbs
Queue:      pace-ice-gpu
End PBS Prologue Sun Apr 10 09:56:35 EDT 2022
---------------------------------------
---------------------------------------
Begin PBS Epilogue Sun Apr 10 09:56:41 EDT 2022
Job ID:     113546.sched-pace-ice.pace.gatech.edu
User ID:    hstrauss6
Job name:   run.pbs
Resources:  walltime=01:00:00,nodes=1:ppn=4:gpus=1:TeslaV100-16GB,pmem=8gb,neednodes=1:ppn=4:gpus=1:TeslaV100-16GB
Rsrc Used:  cput=00:00:05,vmem=0kb,walltime=00:00:07,mem=0kb,energy_used=0
Queue:      pace-ice-gpu
Nodes:     
atl1-1-02-009-31.pace.gatech.edu
End PBS Epilogue Sun Apr 10 09:56:41 EDT 2022
---------------------------------------
---------------------------------------
Begin PBS Prologue Sun Apr 10 09:59:41 EDT 2022
Job ID:     113547.sched-pace-ice.pace.gatech.edu
User ID:    hstrauss6
Job name:   run.pbs
Queue:      pace-ice-gpu
End PBS Prologue Sun Apr 10 09:59:41 EDT 2022
---------------------------------------
---------------------------------------
Begin PBS Epilogue Sun Apr 10 09:59:47 EDT 2022
Job ID:     113547.sched-pace-ice.pace.gatech.edu
User ID:    hstrauss6
Job name:   run.pbs
Resources:  walltime=01:00:00,nodes=1:ppn=4:gpus=1:TeslaV100-16GB,pmem=8gb,neednodes=1:ppn=4:gpus=1:TeslaV100-16GB
Rsrc Used:  cput=00:00:05,vmem=0kb,walltime=00:00:07,mem=0kb,energy_used=0
Queue:      pace-ice-gpu
Nodes:     
atl1-1-02-009-31.pace.gatech.edu
End PBS Epilogue Sun Apr 10 09:59:47 EDT 2022
---------------------------------------
---------------------------------------
Begin PBS Prologue Sun Apr 10 10:03:17 EDT 2022
Job ID:     113548.sched-pace-ice.pace.gatech.edu
User ID:    hstrauss6
Job name:   run.pbs
Queue:      pace-ice-gpu
End PBS Prologue Sun Apr 10 10:03:18 EDT 2022
---------------------------------------
---------------------------------------
Begin PBS Epilogue Sun Apr 10 10:03:24 EDT 2022
Job ID:     113548.sched-pace-ice.pace.gatech.edu
User ID:    hstrauss6
Job name:   run.pbs
Resources:  walltime=01:00:00,nodes=1:ppn=4:gpus=1:TeslaV100-16GB,pmem=8gb,neednodes=1:ppn=4:gpus=1:TeslaV100-16GB
Rsrc Used:  cput=00:00:05,vmem=0kb,walltime=00:00:07,mem=0kb,energy_used=0
Queue:      pace-ice-gpu
Nodes:     
atl1-1-02-009-31.pace.gatech.edu
End PBS Epilogue Sun Apr 10 10:03:24 EDT 2022
---------------------------------------
---------------------------------------
Begin PBS Prologue Sun Apr 10 10:06:24 EDT 2022
Job ID:     113549.sched-pace-ice.pace.gatech.edu
User ID:    hstrauss6
Job name:   run.pbs
Queue:      pace-ice-gpu
End PBS Prologue Sun Apr 10 10:06:24 EDT 2022
---------------------------------------
---------------------------------------
Begin PBS Epilogue Sun Apr 10 10:06:30 EDT 2022
Job ID:     113549.sched-pace-ice.pace.gatech.edu
User ID:    hstrauss6
Job name:   run.pbs
Resources:  walltime=01:00:00,nodes=1:ppn=4:gpus=1:TeslaV100-16GB,pmem=8gb,neednodes=1:ppn=4:gpus=1:TeslaV100-16GB
Rsrc Used:  cput=00:00:05,vmem=0kb,walltime=00:00:07,mem=0kb,energy_used=0
Queue:      pace-ice-gpu
Nodes:     
atl1-1-02-009-31.pace.gatech.edu
End PBS Epilogue Sun Apr 10 10:06:30 EDT 2022
---------------------------------------
---------------------------------------
Begin PBS Prologue Sun Apr 10 10:12:05 EDT 2022
Job ID:     113550.sched-pace-ice.pace.gatech.edu
User ID:    hstrauss6
Job name:   run.pbs
Queue:      pace-ice-gpu
End PBS Prologue Sun Apr 10 10:12:05 EDT 2022
---------------------------------------
---------------------------------------
Begin PBS Epilogue Sun Apr 10 10:12:17 EDT 2022
Job ID:     113550.sched-pace-ice.pace.gatech.edu
User ID:    hstrauss6
Job name:   run.pbs
Resources:  walltime=01:00:00,nodes=1:ppn=4:gpus=1:TeslaV100-16GB,pmem=8gb,neednodes=1:ppn=4:gpus=1:TeslaV100-16GB
Rsrc Used:  cput=00:00:11,vmem=0kb,walltime=00:00:13,mem=0kb,energy_used=0
Queue:      pace-ice-gpu
Nodes:     
atl1-1-02-009-31.pace.gatech.edu
End PBS Epilogue Sun Apr 10 10:12:17 EDT 2022
---------------------------------------
---------------------------------------
Begin PBS Prologue Sun Apr 10 10:20:35 EDT 2022
Job ID:     113552.sched-pace-ice.pace.gatech.edu
User ID:    hstrauss6
Job name:   run.pbs
Queue:      pace-ice-gpu
End PBS Prologue Sun Apr 10 10:20:36 EDT 2022
---------------------------------------
---------------------------------------
Begin PBS Epilogue Sun Apr 10 10:20:48 EDT 2022
Job ID:     113552.sched-pace-ice.pace.gatech.edu
User ID:    hstrauss6
Job name:   run.pbs
Resources:  walltime=01:00:00,nodes=1:ppn=4:gpus=1:TeslaV100-16GB,pmem=8gb,neednodes=1:ppn=4:gpus=1:TeslaV100-16GB
Rsrc Used:  cput=00:00:11,vmem=0kb,walltime=00:00:13,mem=0kb,energy_used=0
Queue:      pace-ice-gpu
Nodes:     
atl1-1-02-009-31.pace.gatech.edu
End PBS Epilogue Sun Apr 10 10:20:48 EDT 2022
---------------------------------------
---------------------------------------
Begin PBS Prologue Sun Apr 10 10:51:36 EDT 2022
Job ID:     113553.sched-pace-ice.pace.gatech.edu
User ID:    hstrauss6
Job name:   run.pbs
Queue:      pace-ice-gpu
End PBS Prologue Sun Apr 10 10:51:36 EDT 2022
---------------------------------------
---------------------------------------
Begin PBS Epilogue Sun Apr 10 10:52:43 EDT 2022
Job ID:     113553.sched-pace-ice.pace.gatech.edu
User ID:    hstrauss6
Job name:   run.pbs
Resources:  walltime=01:00:00,nodes=1:ppn=4:gpus=1:TeslaV100-16GB,pmem=8gb,neednodes=1:ppn=4:gpus=1:TeslaV100-16GB
Rsrc Used:  cput=00:01:05,vmem=6841636kb,walltime=00:01:08,mem=19828kb,energy_used=0
Queue:      pace-ice-gpu
Nodes:     
atl1-1-02-009-31.pace.gatech.edu
End PBS Epilogue Sun Apr 10 10:52:43 EDT 2022
---------------------------------------
---------------------------------------
Begin PBS Prologue Sun Apr 10 11:23:51 EDT 2022
Job ID:     113555.sched-pace-ice.pace.gatech.edu
User ID:    hstrauss6
Job name:   run.pbs
Queue:      pace-ice-gpu
End PBS Prologue Sun Apr 10 11:23:51 EDT 2022
---------------------------------------
---------------------------------------
Begin PBS Epilogue Sun Apr 10 11:25:40 EDT 2022
Job ID:     113555.sched-pace-ice.pace.gatech.edu
User ID:    hstrauss6
Job name:   run.pbs
Resources:  walltime=01:00:00,nodes=1:ppn=4:gpus=1:TeslaV100-16GB,pmem=8gb,neednodes=1:ppn=4:gpus=1:TeslaV100-16GB
Rsrc Used:  cput=00:01:46,vmem=5286356kb,walltime=00:01:50,mem=7076kb,energy_used=0
Queue:      pace-ice-gpu
Nodes:     
atl1-1-02-009-31.pace.gatech.edu
End PBS Epilogue Sun Apr 10 11:25:40 EDT 2022
---------------------------------------
---------------------------------------
Begin PBS Prologue Sun Apr 10 11:27:59 EDT 2022
Job ID:     113556.sched-pace-ice.pace.gatech.edu
User ID:    hstrauss6
Job name:   run.pbs
Queue:      pace-ice-gpu
End PBS Prologue Sun Apr 10 11:27:59 EDT 2022
---------------------------------------
---------------------------------------
Begin PBS Epilogue Sun Apr 10 11:29:46 EDT 2022
Job ID:     113556.sched-pace-ice.pace.gatech.edu
User ID:    hstrauss6
Job name:   run.pbs
Resources:  walltime=01:00:00,nodes=1:ppn=4:gpus=1:TeslaV100-16GB,pmem=8gb,neednodes=1:ppn=4:gpus=1:TeslaV100-16GB
Rsrc Used:  cput=00:01:44,vmem=7005476kb,walltime=00:01:47,mem=19832kb,energy_used=0
Queue:      pace-ice-gpu
Nodes:     
atl1-1-02-009-31.pace.gatech.edu
End PBS Epilogue Sun Apr 10 11:29:46 EDT 2022
---------------------------------------
---------------------------------------
Begin PBS Prologue Sun Apr 10 11:55:53 EDT 2022
Job ID:     113557.sched-pace-ice.pace.gatech.edu
User ID:    hstrauss6
Job name:   run.pbs
Queue:      pace-ice-gpu
End PBS Prologue Sun Apr 10 11:55:53 EDT 2022
---------------------------------------
---------------------------------------
Begin PBS Epilogue Sun Apr 10 11:55:56 EDT 2022
Job ID:     113557.sched-pace-ice.pace.gatech.edu
User ID:    hstrauss6
Job name:   run.pbs
Resources:  walltime=01:00:00,nodes=1:ppn=4:gpus=1:TeslaV100-16GB,pmem=8gb,neednodes=1:ppn=4:gpus=1:TeslaV100-16GB
Rsrc Used:  cput=00:00:00,vmem=0kb,walltime=00:00:03,mem=0kb,energy_used=0
Queue:      pace-ice-gpu
Nodes:     
atl1-1-02-009-31.pace.gatech.edu
End PBS Epilogue Sun Apr 10 11:55:56 EDT 2022
---------------------------------------
---------------------------------------
Begin PBS Prologue Sun Apr 10 11:56:55 EDT 2022
Job ID:     113558.sched-pace-ice.pace.gatech.edu
User ID:    hstrauss6
Job name:   run.pbs
Queue:      pace-ice-gpu
End PBS Prologue Sun Apr 10 11:56:55 EDT 2022
---------------------------------------
---------------------------------------
Begin PBS Epilogue Sun Apr 10 11:58:27 EDT 2022
Job ID:     113558.sched-pace-ice.pace.gatech.edu
User ID:    hstrauss6
Job name:   run.pbs
Resources:  walltime=01:00:00,nodes=1:ppn=4:gpus=1:TeslaV100-16GB,pmem=8gb,neednodes=1:ppn=4:gpus=1:TeslaV100-16GB
Rsrc Used:  cput=00:01:29,vmem=6972704kb,walltime=00:01:33,mem=19828kb,energy_used=0
Queue:      pace-ice-gpu
Nodes:     
atl1-1-02-009-31.pace.gatech.edu
End PBS Epilogue Sun Apr 10 11:58:27 EDT 2022
---------------------------------------
---------------------------------------
Begin PBS Prologue Sun Apr 10 12:16:02 EDT 2022
Job ID:     113560.sched-pace-ice.pace.gatech.edu
User ID:    hstrauss6
Job name:   run.pbs
Queue:      pace-ice-gpu
End PBS Prologue Sun Apr 10 12:16:02 EDT 2022
---------------------------------------
---------------------------------------
Begin PBS Epilogue Sun Apr 10 12:17:34 EDT 2022
Job ID:     113560.sched-pace-ice.pace.gatech.edu
User ID:    hstrauss6
Job name:   run.pbs
Resources:  walltime=01:00:00,nodes=1:ppn=4:gpus=1:TeslaV100-16GB,pmem=8gb,neednodes=1:ppn=4:gpus=1:TeslaV100-16GB
Rsrc Used:  cput=00:01:29,vmem=7005476kb,walltime=00:01:32,mem=19832kb,energy_used=0
Queue:      pace-ice-gpu
Nodes:     
atl1-1-02-009-31.pace.gatech.edu
End PBS Epilogue Sun Apr 10 12:17:34 EDT 2022
---------------------------------------
---------------------------------------
Begin PBS Prologue Sun Apr 10 12:31:16 EDT 2022
Job ID:     113563.sched-pace-ice.pace.gatech.edu
User ID:    hstrauss6
Job name:   run.pbs
Queue:      pace-ice-gpu
End PBS Prologue Sun Apr 10 12:31:16 EDT 2022
---------------------------------------
---------------------------------------
Begin PBS Epilogue Sun Apr 10 12:31:17 EDT 2022
Job ID:     113563.sched-pace-ice.pace.gatech.edu
User ID:    hstrauss6
Job name:   run.pbs
Resources:  walltime=01:00:00,nodes=1:ppn=4:gpus=1:TeslaV100-16GB,pmem=8gb,neednodes=1:ppn=4:gpus=1:TeslaV100-16GB
Rsrc Used:  cput=00:00:00,vmem=0kb,walltime=00:00:02,mem=0kb,energy_used=0
Queue:      pace-ice-gpu
Nodes:     
atl1-1-02-009-31.pace.gatech.edu
End PBS Epilogue Sun Apr 10 12:31:17 EDT 2022
---------------------------------------
---------------------------------------
Begin PBS Prologue Sun Apr 10 12:32:18 EDT 2022
Job ID:     113564.sched-pace-ice.pace.gatech.edu
User ID:    hstrauss6
Job name:   run.pbs
Queue:      pace-ice-gpu
End PBS Prologue Sun Apr 10 12:32:18 EDT 2022
---------------------------------------
---------------------------------------
Begin PBS Epilogue Sun Apr 10 12:32:19 EDT 2022
Job ID:     113564.sched-pace-ice.pace.gatech.edu
User ID:    hstrauss6
Job name:   run.pbs
Resources:  walltime=01:00:00,nodes=1:ppn=4:gpus=1:TeslaV100-16GB,pmem=8gb,neednodes=1:ppn=4:gpus=1:TeslaV100-16GB
Rsrc Used:  cput=00:00:00,vmem=0kb,walltime=00:00:02,mem=0kb,energy_used=0
Queue:      pace-ice-gpu
Nodes:     
atl1-1-02-009-31.pace.gatech.edu
End PBS Epilogue Sun Apr 10 12:32:19 EDT 2022
---------------------------------------
---------------------------------------
Begin PBS Prologue Sun Apr 10 12:39:32 EDT 2022
Job ID:     113571.sched-pace-ice.pace.gatech.edu
User ID:    hstrauss6
Job name:   run.pbs
Queue:      pace-ice-gpu
End PBS Prologue Sun Apr 10 12:39:32 EDT 2022
---------------------------------------
---------------------------------------
Begin PBS Epilogue Sun Apr 10 12:39:33 EDT 2022
Job ID:     113571.sched-pace-ice.pace.gatech.edu
User ID:    hstrauss6
Job name:   run.pbs
Resources:  walltime=01:00:00,nodes=1:ppn=6:gpus=2:TeslaV100-16GB,pmem=16gb,neednodes=1:ppn=6:gpus=2:TeslaV100-16GB
Rsrc Used:  cput=00:00:00,vmem=0kb,walltime=00:00:01,mem=0kb,energy_used=0
Queue:      pace-ice-gpu
Nodes:     
atl1-1-02-009-31.pace.gatech.edu
End PBS Epilogue Sun Apr 10 12:39:33 EDT 2022
---------------------------------------
---------------------------------------
Begin PBS Prologue Sun Apr 10 12:51:25 EDT 2022
Job ID:     113573.sched-pace-ice.pace.gatech.edu
User ID:    hstrauss6
Job name:   run.pbs
Queue:      pace-ice-gpu
End PBS Prologue Sun Apr 10 12:51:25 EDT 2022
---------------------------------------
---------------------------------------
Begin PBS Epilogue Sun Apr 10 12:51:31 EDT 2022
Job ID:     113573.sched-pace-ice.pace.gatech.edu
User ID:    hstrauss6
Job name:   run.pbs
Resources:  walltime=01:00:00,nodes=1:ppn=4:gpus=1:TeslaV100-16GB,pmem=16gb,neednodes=1:ppn=4:gpus=1:TeslaV100-16GB
Rsrc Used:  cput=00:00:05,vmem=0kb,walltime=00:00:06,mem=0kb,energy_used=0
Queue:      pace-ice-gpu
Nodes:     
atl1-1-02-009-31.pace.gatech.edu
End PBS Epilogue Sun Apr 10 12:51:31 EDT 2022
---------------------------------------
---------------------------------------
Begin PBS Prologue Sun Apr 10 12:55:32 EDT 2022
Job ID:     113574.sched-pace-ice.pace.gatech.edu
User ID:    hstrauss6
Job name:   run.pbs
Queue:      pace-ice-gpu
End PBS Prologue Sun Apr 10 12:55:33 EDT 2022
---------------------------------------
---------------------------------------
Begin PBS Epilogue Sun Apr 10 12:55:39 EDT 2022
Job ID:     113574.sched-pace-ice.pace.gatech.edu
User ID:    hstrauss6
Job name:   run.pbs
Resources:  walltime=01:00:00,nodes=1:ppn=4:gpus=1:TeslaV100-16GB,pmem=16gb,neednodes=1:ppn=4:gpus=1:TeslaV100-16GB
Rsrc Used:  cput=00:00:05,vmem=0kb,walltime=00:00:07,mem=0kb,energy_used=0
Queue:      pace-ice-gpu
Nodes:     
atl1-1-02-009-31.pace.gatech.edu
End PBS Epilogue Sun Apr 10 12:55:39 EDT 2022
---------------------------------------
---------------------------------------
Begin PBS Prologue Sun Apr 10 13:03:18 EDT 2022
Job ID:     113581.sched-pace-ice.pace.gatech.edu
User ID:    hstrauss6
Job name:   run.pbs
Queue:      pace-ice-gpu
End PBS Prologue Sun Apr 10 13:03:18 EDT 2022
---------------------------------------
---------------------------------------
Begin PBS Epilogue Sun Apr 10 13:03:26 EDT 2022
Job ID:     113581.sched-pace-ice.pace.gatech.edu
User ID:    hstrauss6
Job name:   run.pbs
Resources:  walltime=01:00:00,nodes=1:ppn=4:gpus=1:TeslaV100-16GB,pmem=16gb,neednodes=1:ppn=4:gpus=1:TeslaV100-16GB
Rsrc Used:  cput=00:00:07,vmem=0kb,walltime=00:00:08,mem=0kb,energy_used=0
Queue:      pace-ice-gpu
Nodes:     
atl1-1-02-009-31.pace.gatech.edu
End PBS Epilogue Sun Apr 10 13:03:26 EDT 2022
---------------------------------------
---------------------------------------
Begin PBS Prologue Sun Apr 10 13:05:22 EDT 2022
Job ID:     113582.sched-pace-ice.pace.gatech.edu
User ID:    hstrauss6
Job name:   run.pbs
Queue:      pace-ice-gpu
End PBS Prologue Sun Apr 10 13:05:22 EDT 2022
---------------------------------------
---------------------------------------
Begin PBS Epilogue Sun Apr 10 13:05:30 EDT 2022
Job ID:     113582.sched-pace-ice.pace.gatech.edu
User ID:    hstrauss6
Job name:   run.pbs
Resources:  walltime=01:00:00,nodes=1:ppn=4:gpus=1:TeslaV100-16GB,pmem=16gb,neednodes=1:ppn=4:gpus=1:TeslaV100-16GB
Rsrc Used:  cput=00:00:07,vmem=0kb,walltime=00:00:08,mem=0kb,energy_used=0
Queue:      pace-ice-gpu
Nodes:     
atl1-1-02-009-31.pace.gatech.edu
End PBS Epilogue Sun Apr 10 13:05:30 EDT 2022
---------------------------------------
---------------------------------------
Begin PBS Prologue Sun Apr 10 13:07:26 EDT 2022
Job ID:     113583.sched-pace-ice.pace.gatech.edu
User ID:    hstrauss6
Job name:   run.pbs
Queue:      pace-ice-gpu
End PBS Prologue Sun Apr 10 13:07:26 EDT 2022
---------------------------------------
---------------------------------------
Begin PBS Epilogue Sun Apr 10 13:07:46 EDT 2022
Job ID:     113583.sched-pace-ice.pace.gatech.edu
User ID:    hstrauss6
Job name:   run.pbs
Resources:  walltime=01:00:00,nodes=1:ppn=4:gpus=1:TeslaV100-16GB,pmem=16gb,neednodes=1:ppn=4:gpus=1:TeslaV100-16GB
Rsrc Used:  cput=00:00:19,vmem=0kb,walltime=00:00:21,mem=0kb,energy_used=0
Queue:      pace-ice-gpu
Nodes:     
atl1-1-02-009-31.pace.gatech.edu
End PBS Epilogue Sun Apr 10 13:07:46 EDT 2022
---------------------------------------
---------------------------------------
Begin PBS Prologue Sun Apr 10 13:07:57 EDT 2022
Job ID:     113584.sched-pace-ice.pace.gatech.edu
User ID:    hstrauss6
Job name:   run.pbs
Queue:      pace-ice-gpu
End PBS Prologue Sun Apr 10 13:07:57 EDT 2022
---------------------------------------
---------------------------------------
Begin PBS Epilogue Sun Apr 10 13:08:16 EDT 2022
Job ID:     113584.sched-pace-ice.pace.gatech.edu
User ID:    hstrauss6
Job name:   run.pbs
Resources:  walltime=01:00:00,nodes=1:ppn=4:gpus=1:TeslaV100-16GB,pmem=16gb,neednodes=1:ppn=4:gpus=1:TeslaV100-16GB
Rsrc Used:  cput=00:00:19,vmem=0kb,walltime=00:00:20,mem=0kb,energy_used=0
Queue:      pace-ice-gpu
Nodes:     
atl1-1-02-009-31.pace.gatech.edu
End PBS Epilogue Sun Apr 10 13:08:16 EDT 2022
---------------------------------------
---------------------------------------
Begin PBS Prologue Sun Apr 10 13:09:30 EDT 2022
Job ID:     113585.sched-pace-ice.pace.gatech.edu
User ID:    hstrauss6
Job name:   run.pbs
Queue:      pace-ice-gpu
End PBS Prologue Sun Apr 10 13:09:30 EDT 2022
---------------------------------------
---------------------------------------
Begin PBS Prologue Sun Apr 10 13:10:32 EDT 2022
Job ID:     113586.sched-pace-ice.pace.gatech.edu
User ID:    hstrauss6
Job name:   run.pbs
Queue:      pace-ice-gpu
End PBS Prologue Sun Apr 10 13:10:32 EDT 2022
---------------------------------------
---------------------------------------
Begin PBS Prologue Sun Apr 10 13:11:03 EDT 2022
Job ID:     113587.sched-pace-ice.pace.gatech.edu
User ID:    hstrauss6
Job name:   run.pbs
Queue:      pace-ice-gpu
End PBS Prologue Sun Apr 10 13:11:03 EDT 2022
---------------------------------------
---------------------------------------
Begin PBS Epilogue Sun Apr 10 13:12:12 EDT 2022
Job ID:     113585.sched-pace-ice.pace.gatech.edu
User ID:    hstrauss6
Job name:   run.pbs
Resources:  walltime=01:00:00,nodes=1:ppn=4:gpus=1:TeslaV100-16GB,pmem=16gb,neednodes=1:ppn=4:gpus=1:TeslaV100-16GB
Rsrc Used:  cput=00:02:41,vmem=10347812kb,walltime=00:02:42,mem=19824kb,energy_used=0
Queue:      pace-ice-gpu
Nodes:     
atl1-1-02-009-31.pace.gatech.edu
End PBS Epilogue Sun Apr 10 13:12:12 EDT 2022
---------------------------------------
---------------------------------------
Begin PBS Epilogue Sun Apr 10 13:13:14 EDT 2022
Job ID:     113586.sched-pace-ice.pace.gatech.edu
User ID:    hstrauss6
Job name:   run.pbs
Resources:  walltime=01:00:00,nodes=1:ppn=4:gpus=1:TeslaV100-16GB,pmem=16gb,neednodes=1:ppn=4:gpus=1:TeslaV100-16GB
Rsrc Used:  cput=00:02:41,vmem=10347812kb,walltime=00:02:43,mem=19824kb,energy_used=0
Queue:      pace-ice-gpu
Nodes:     
atl1-1-02-009-31.pace.gatech.edu
End PBS Epilogue Sun Apr 10 13:13:14 EDT 2022
---------------------------------------
---------------------------------------
Begin PBS Epilogue Sun Apr 10 13:13:47 EDT 2022
Job ID:     113587.sched-pace-ice.pace.gatech.edu
User ID:    hstrauss6
Job name:   run.pbs
Resources:  walltime=01:00:00,nodes=1:ppn=4:gpus=1:TeslaV100-16GB,pmem=16gb,neednodes=1:ppn=4:gpus=1:TeslaV100-16GB
Rsrc Used:  cput=00:02:43,vmem=10347812kb,walltime=00:02:45,mem=19824kb,energy_used=0
Queue:      pace-ice-gpu
Nodes:     
atl1-1-02-009-32.pace.gatech.edu
End PBS Epilogue Sun Apr 10 13:13:47 EDT 2022
---------------------------------------
---------------------------------------
Begin PBS Prologue Sun Apr 10 13:15:42 EDT 2022
Job ID:     113588.sched-pace-ice.pace.gatech.edu
User ID:    hstrauss6
Job name:   run.pbs
Queue:      pace-ice-gpu
End PBS Prologue Sun Apr 10 13:15:42 EDT 2022
---------------------------------------
---------------------------------------
Begin PBS Epilogue Sun Apr 10 13:18:24 EDT 2022
Job ID:     113588.sched-pace-ice.pace.gatech.edu
User ID:    hstrauss6
Job name:   run.pbs
Resources:  walltime=01:00:00,nodes=1:ppn=4:gpus=1:TeslaV100-16GB,pmem=16gb,neednodes=1:ppn=4:gpus=1:TeslaV100-16GB
Rsrc Used:  cput=00:02:41,vmem=10347812kb,walltime=00:02:42,mem=19828kb,energy_used=0
Queue:      pace-ice-gpu
Nodes:     
atl1-1-02-009-31.pace.gatech.edu
End PBS Epilogue Sun Apr 10 13:18:24 EDT 2022
---------------------------------------
---------------------------------------
Begin PBS Prologue Sun Apr 10 14:16:54 EDT 2022
Job ID:     113597.sched-pace-ice.pace.gatech.edu
User ID:    hstrauss6
Job name:   run.pbs
Queue:      pace-ice-gpu
End PBS Prologue Sun Apr 10 14:16:54 EDT 2022
---------------------------------------
---------------------------------------
Begin PBS Epilogue Sun Apr 10 14:20:17 EDT 2022
Job ID:     113597.sched-pace-ice.pace.gatech.edu
User ID:    hstrauss6
Job name:   run.pbs
Resources:  walltime=01:00:00,nodes=1:ppn=4:gpus=1:TeslaV100-16GB,pmem=16gb,neednodes=1:ppn=4:gpus=1:TeslaV100-16GB
Rsrc Used:  cput=00:03:21,vmem=10347804kb,walltime=00:03:23,mem=21828kb,energy_used=0
Queue:      pace-ice-gpu
Nodes:     
atl1-1-02-009-31.pace.gatech.edu
End PBS Epilogue Sun Apr 10 14:20:17 EDT 2022
---------------------------------------
---------------------------------------
Begin PBS Prologue Sun Apr 10 14:48:56 EDT 2022
Job ID:     113598.sched-pace-ice.pace.gatech.edu
User ID:    hstrauss6
Job name:   run.pbs
Queue:      pace-ice-gpu
End PBS Prologue Sun Apr 10 14:48:56 EDT 2022
---------------------------------------
---------------------------------------
Begin PBS Epilogue Sun Apr 10 14:52:48 EDT 2022
Job ID:     113598.sched-pace-ice.pace.gatech.edu
User ID:    hstrauss6
Job name:   run.pbs
Resources:  walltime=01:00:00,nodes=1:ppn=4:gpus=1:TeslaV100-16GB,pmem=16gb,neednodes=1:ppn=4:gpus=1:TeslaV100-16GB
Rsrc Used:  cput=00:03:50,vmem=10347780kb,walltime=00:03:53,mem=19844kb,energy_used=0
Queue:      pace-ice-gpu
Nodes:     
atl1-1-02-009-31.pace.gatech.edu
End PBS Epilogue Sun Apr 10 14:52:48 EDT 2022
---------------------------------------
---------------------------------------
Begin PBS Prologue Sun Apr 10 15:06:18 EDT 2022
Job ID:     113601.sched-pace-ice.pace.gatech.edu
User ID:    hstrauss6
Job name:   run.pbs
Queue:      pace-ice-gpu
End PBS Prologue Sun Apr 10 15:06:18 EDT 2022
---------------------------------------
---------------------------------------
Begin PBS Epilogue Sun Apr 10 15:09:52 EDT 2022
Job ID:     113601.sched-pace-ice.pace.gatech.edu
User ID:    hstrauss6
Job name:   run.pbs
Resources:  walltime=01:00:00,nodes=1:ppn=4:gpus=1:TeslaV100-16GB,pmem=16gb,neednodes=1:ppn=4:gpus=1:TeslaV100-16GB
Rsrc Used:  cput=00:03:33,vmem=10347260kb,walltime=00:03:35,mem=22184kb,energy_used=0
Queue:      pace-ice-gpu
Nodes:     
atl1-1-02-009-31.pace.gatech.edu
End PBS Epilogue Sun Apr 10 15:09:52 EDT 2022
---------------------------------------
---------------------------------------
Begin PBS Prologue Sun Apr 10 15:21:16 EDT 2022
Job ID:     113607.sched-pace-ice.pace.gatech.edu
User ID:    hstrauss6
Job name:   run.pbs
Queue:      pace-ice-gpu
End PBS Prologue Sun Apr 10 15:21:16 EDT 2022
---------------------------------------
---------------------------------------
Begin PBS Epilogue Sun Apr 10 15:24:40 EDT 2022
Job ID:     113607.sched-pace-ice.pace.gatech.edu
User ID:    hstrauss6
Job name:   run.pbs
Resources:  walltime=01:00:00,nodes=1:ppn=4:gpus=1:TeslaV100-16GB,pmem=16gb,neednodes=1:ppn=4:gpus=1:TeslaV100-16GB
Rsrc Used:  cput=00:03:22,vmem=10347424kb,walltime=00:03:24,mem=19824kb,energy_used=0
Queue:      pace-ice-gpu
Nodes:     
atl1-1-02-009-31.pace.gatech.edu
End PBS Epilogue Sun Apr 10 15:24:40 EDT 2022
---------------------------------------
